<?xml version="1.0" encoding="UTF-8"?>
<testng-results skipped="0" failed="0" ignored="0" total="1" passed="1">
  <reporter-output>
  </reporter-output>
  <suite name="Default suite" duration-ms="14562" started-at="2019-12-11T05:36:49 IST" finished-at="2019-12-11T05:37:03 IST">
    <groups>
    </groups>
    <test name="Default test" duration-ms="14562" started-at="2019-12-11T05:36:49 IST" finished-at="2019-12-11T05:37:03 IST">
      <class name="Test.VerifyFlightBooking">
        <test-method status="PASS" signature="launch()[pri:0, instance:Test.VerifyFlightBooking@210366b4]" name="launch" is-config="true" duration-ms="10299" started-at="2019-12-11T05:36:49 IST" finished-at="2019-12-11T05:36:59 IST">
          <reporter-output>
          </reporter-output>
        </test-method> <!-- launch -->
        <test-method status="PASS" signature="TestFlightBooking()[pri:0, instance:Test.VerifyFlightBooking@210366b4]" name="TestFlightBooking" duration-ms="3799" started-at="2019-12-11T05:36:59 IST" finished-at="2019-12-11T05:37:03 IST">
          <reporter-output>
          </reporter-output>
        </test-method> <!-- TestFlightBooking -->
        <test-method status="PASS" signature="close()[pri:0, instance:Test.VerifyFlightBooking@210366b4]" name="close" is-config="true" duration-ms="410" started-at="2019-12-11T05:37:03 IST" finished-at="2019-12-11T05:37:03 IST">
          <reporter-output>
          </reporter-output>
        </test-method> <!-- close -->
      </class> <!-- Test.VerifyFlightBooking -->
    </test> <!-- Default test -->
  </suite> <!-- Default suite -->
</testng-results>
